Using pre-set license
Built from '2021.2/staging' branch; Version is '2021.2.9f1 (921b45a28ab6) revision 9575237'; Using compiler version '192829333'; Build Type 'Release'
OS: 'Windows 10  (10.0.19043) 64bit Core' Language: 'en' Physical Memory: 8075 MB
BatchMode: 1, IsHumanControllingUs: 0, StartBugReporterOnCrash: 0, Is64bit: 1, IsPro: 0

COMMAND LINE ARGUMENTS:
C:\Program Files\Unity\Hub\Editor\2021.2.9f1\Editor\Unity.exe
-adb2
-batchMode
-noUpm
-name
AssetImportWorker0
-projectPath
C:/Users/Elliot Winch/Documents/2020/Xanthi
-logFile
Logs/AssetImportWorker0.log
-srvPort
51298
Successfully changed project path to: C:/Users/Elliot Winch/Documents/2020/Xanthi
C:/Users/Elliot Winch/Documents/2020/Xanthi
[UnityMemory] Configuration Parameters - Can be set up in boot.config
    "memorysetup-bucket-allocator-granularity=16"
    "memorysetup-bucket-allocator-bucket-count=8"
    "memorysetup-bucket-allocator-block-size=33554432"
    "memorysetup-bucket-allocator-block-count=8"
    "memorysetup-main-allocator-block-size=16777216"
    "memorysetup-thread-allocator-block-size=16777216"
    "memorysetup-gfx-main-allocator-block-size=16777216"
    "memorysetup-gfx-thread-allocator-block-size=16777216"
    "memorysetup-cache-allocator-block-size=4194304"
    "memorysetup-typetree-allocator-block-size=2097152"
    "memorysetup-profiler-bucket-allocator-granularity=16"
    "memorysetup-profiler-bucket-allocator-bucket-count=8"
    "memorysetup-profiler-bucket-allocator-block-size=33554432"
    "memorysetup-profiler-bucket-allocator-block-count=8"
    "memorysetup-profiler-allocator-block-size=16777216"
    "memorysetup-profiler-editor-allocator-block-size=1048576"
    "memorysetup-temp-allocator-size-main=16777216"
    "memorysetup-job-temp-allocator-block-size=2097152"
    "memorysetup-job-temp-allocator-block-size-background=1048576"
    "memorysetup-job-temp-allocator-reduction-small-platforms=262144"
    "memorysetup-temp-allocator-size-background-worker=32768"
    "memorysetup-temp-allocator-size-job-worker=262144"
    "memorysetup-temp-allocator-size-preload-manager=33554432"
    "memorysetup-temp-allocator-size-nav-mesh-worker=65536"
    "memorysetup-temp-allocator-size-audio-worker=65536"
    "memorysetup-temp-allocator-size-cloud-worker=32768"
    "memorysetup-temp-allocator-size-gi-baking-worker=262144"
    "memorysetup-temp-allocator-size-gfx=262144"
Refreshing native plugins compatible for Editor in 200.53 ms, found 3 plugins.
Preloading 0 native plugins for Editor in 0.00 ms.
Initialize engine version: 2021.2.9f1 (921b45a28ab6)
[Subsystems] Discovering subsystems at path C:/Program Files/Unity/Hub/Editor/2021.2.9f1/Editor/Data/Resources/UnitySubsystems
[Subsystems] Discovering subsystems at path C:/Users/Elliot Winch/Documents/2020/Xanthi/Assets
GfxDevice: creating device client; threaded=0; jobified=0
Direct3D:
    Version:  Direct3D 11.0 [level 11.1]
    Renderer: NVIDIA GeForce GTX 1050 (ID=0x1c8d)
    Vendor:   NVIDIA
    VRAM:     4019 MB
    Driver:   30.0.14.9676
Initialize mono
Mono path[0] = 'C:/Program Files/Unity/Hub/Editor/2021.2.9f1/Editor/Data/Managed'
Mono path[1] = 'C:/Program Files/Unity/Hub/Editor/2021.2.9f1/Editor/Data/MonoBleedingEdge/lib/mono/unityjit-win32'
Mono config path = 'C:/Program Files/Unity/Hub/Editor/2021.2.9f1/Editor/Data/MonoBleedingEdge/etc'
Using monoOptions --debugger-agent=transport=dt_socket,embedding=1,server=y,suspend=n,address=127.0.0.1:56780
Begin MonoManager ReloadAssembly
Registering precompiled unity dll's ...
Register platform support module: C:/Program Files/Unity/Hub/Editor/2021.2.9f1/Editor/Data/PlaybackEngines/WindowsStandaloneSupport/UnityEditor.WindowsStandalone.Extensions.dll
Registered in 0.010886 seconds.
Native extension for WindowsStandalone target not found
Refreshing native plugins compatible for Editor in 180.86 ms, found 3 plugins.
Preloading 0 native plugins for Editor in 0.00 ms.
Mono: successfully reloaded assembly
- Completed reload, in  1.042 seconds
Domain Reload Profiling:
	ReloadAssembly (1043ms)
		BeginReloadAssembly (128ms)
			ExecutionOrderSort (0ms)
			DisableScriptedObjects (0ms)
			BackupInstance (0ms)
			ReleaseScriptingObjects (0ms)
			CreateAndSetChildDomain (1ms)
		EndReloadAssembly (791ms)
			LoadAssemblies (124ms)
			RebuildTransferFunctionScriptingTraits (0ms)
			SetupTypeCache (159ms)
			ReleaseScriptCaches (0ms)
			RebuildScriptCaches (46ms)
			SetupLoadedEditorAssemblies (506ms)
				LogAssemblyErrors (0ms)
				InitializePlatformSupportModulesInManaged (24ms)
				SetLoadedEditorAssemblies (0ms)
				RefreshPlugins (181ms)
				BeforeProcessingInitializeOnLoad (2ms)
				ProcessInitializeOnLoadAttributes (223ms)
				ProcessInitializeOnLoadMethodAttributes (75ms)
				AfterProcessingInitializeOnLoad (0ms)
				EditorAssembliesLoaded (0ms)
			ExecutionOrderSort2 (0ms)
			AwakeInstancesAfterBackupRestoration (0ms)
Platform modules already initialized, skipping
Registering precompiled user dll's ...
Registered in 0.012253 seconds.
Begin MonoManager ReloadAssembly
Symbol file LoadedFromMemory doesn't match image C:\Users\Elliot Winch\Documents\2020\Xanthi\Library\PackageCache\com.unity.visualscripting@1.7.6\Editor\VisualScripting.Core\Dependencies\YamlDotNet\Unity.VisualScripting.YamlDotNet.dll
Symbol file LoadedFromMemory doesn't match image C:\Users\Elliot Winch\Documents\2020\Xanthi\Library\PackageCache\com.unity.visualscripting@1.7.6\Editor\VisualScripting.Core\Dependencies\DotNetZip\Unity.VisualScripting.IonicZip.dll
Native extension for WindowsStandalone target not found
Refreshing native plugins compatible for Editor in 184.64 ms, found 3 plugins.
Preloading 0 native plugins for Editor in 0.00 ms.
Mono: successfully reloaded assembly
- Completed reload, in  2.852 seconds
Domain Reload Profiling:
	ReloadAssembly (2854ms)
		BeginReloadAssembly (178ms)
			ExecutionOrderSort (0ms)
			DisableScriptedObjects (10ms)
			BackupInstance (0ms)
			ReleaseScriptingObjects (0ms)
			CreateAndSetChildDomain (32ms)
		EndReloadAssembly (2527ms)
			LoadAssemblies (156ms)
			RebuildTransferFunctionScriptingTraits (0ms)
			SetupTypeCache (456ms)
			ReleaseScriptCaches (1ms)
			RebuildScriptCaches (137ms)
			SetupLoadedEditorAssemblies (1715ms)
				LogAssemblyErrors (0ms)
				InitializePlatformSupportModulesInManaged (19ms)
				SetLoadedEditorAssemblies (0ms)
				RefreshPlugins (185ms)
				BeforeProcessingInitializeOnLoad (184ms)
				ProcessInitializeOnLoadAttributes (1243ms)
				ProcessInitializeOnLoadMethodAttributes (72ms)
				AfterProcessingInitializeOnLoad (13ms)
				EditorAssembliesLoaded (0ms)
			ExecutionOrderSort2 (0ms)
			AwakeInstancesAfterBackupRestoration (10ms)
Platform modules already initialized, skipping
========================================================================
Worker process is ready to serve import requests
Launched and connected shader compiler UnityShaderCompiler.exe after 0.10 seconds
Refreshing native plugins compatible for Editor in 1.30 ms, found 3 plugins.
Preloading 0 native plugins for Editor in 0.00 ms.
Unloading 5976 Unused Serialized files (Serialized files now loaded: 0)
Unloading 59 unused Assets / (3.5 MB). Loaded Objects now: 6422.
Memory consumption went from 282.4 MB to 278.9 MB.
Total: 6.067200 ms (FindLiveObjects: 1.016100 ms CreateObjectMapping: 1.032200 ms MarkObjects: 3.347200 ms  DeleteObjects: 0.670300 ms)

AssetImportParameters requested are different than current active one (requested -> active):
  custom:video-decoder-ogg-theora: a1e56fd34408186e4bbccfd4996cb3dc -> 
  custom:container-muxer-webm: aa71ff27fc2769a1b78a27578f13a17b -> 
  custom:container-demuxer-webm: 4f35f7cbe854078d1ac9338744f61a02 -> 
  custom:video-encoder-webm-vp8: eb34c28f22e8b96e1ab97ce403110664 -> 
  custom:video-codec-MediaFoundation-h265: 746d11721c4dcdbdad8f713fa42b33f4 -> 
  custom:audio-encoder-webm-vorbis: bf7c407c2cedff20999df2af8eb42d56 -> 
  custom:framework-win-MediaFoundation: 216162199b28c13a410421893ffa2e32 -> 
  custom:container-demuxer-ogg: 62fdf1f143b41e24485cea50d1cbac27 -> 
  custom:video-decoder-webm-vp8: 9c59270c3fd7afecdb556c50c9e8de78 -> 
  custom:audio-decoder-ogg-vorbis: bf7c407c2cedff20999df2af8eb42d56 -> 
========================================================================
Received Import Request.
  Time since last request: 947005.803244 seconds.
  path: Assets/IslandGeneration/Materials/Top.mat
  artifactKey: Guid(0f2a104aeb9f2c440a0c38e8efe58d4f) Importer(815301076,1909f56bfc062723c751e8b465ee728b)
Start importing Assets/IslandGeneration/Materials/Top.mat using Guid(0f2a104aeb9f2c440a0c38e8efe58d4f) Importer(815301076,1909f56bfc062723c751e8b465ee728b)  -> (artifact id: 'fa3f91201085e40542a47d94038ecfb0') in 1.275414 seconds 
========================================================================
Received Import Request.
  Time since last request: 4038.687939 seconds.
  path: Assets/IslandGeneration/Sprites/grassy.jpg
  artifactKey: Guid(11ce42eb65a3e384caba2e4b040559a8) Importer(815301076,1909f56bfc062723c751e8b465ee728b)
Start importing Assets/IslandGeneration/Sprites/grassy.jpg using Guid(11ce42eb65a3e384caba2e4b040559a8) Importer(815301076,1909f56bfc062723c751e8b465ee728b)  -> (artifact id: '7a774f7c7b037b3d955e1cf470660765') in 0.338206 seconds 
========================================================================
Received Import Request.
  Time since last request: 0.000298 seconds.
  path: Assets/IslandGeneration/Sprites/rocky.jpg
  artifactKey: Guid(833a73c9bba7c0742b049868ef783031) Importer(815301076,1909f56bfc062723c751e8b465ee728b)
Start importing Assets/IslandGeneration/Sprites/rocky.jpg using Guid(833a73c9bba7c0742b049868ef783031) Importer(815301076,1909f56bfc062723c751e8b465ee728b)  -> (artifact id: 'a98243facdca0abe02e5b06a4de02dd2') in 0.042591 seconds 
========================================================================
Received Import Request.
  Time since last request: 292.185877 seconds.
  path: Assets/IslandGeneration/Materials/Base.mat
  artifactKey: Guid(9bb3b1c3c27d56e4aa547f0e4bb558cc) Importer(815301076,1909f56bfc062723c751e8b465ee728b)
Start importing Assets/IslandGeneration/Materials/Base.mat using Guid(9bb3b1c3c27d56e4aa547f0e4bb558cc) Importer(815301076,1909f56bfc062723c751e8b465ee728b)  -> (artifact id: '4ddc30b0fca180e2e2fa7cc1d6d517a1') in 0.276006 seconds 
========================================================================
Received Import Request.
  Time since last request: 0.000065 seconds.
  path: Assets/IslandGeneration/Materials/Top.mat
  artifactKey: Guid(0f2a104aeb9f2c440a0c38e8efe58d4f) Importer(815301076,1909f56bfc062723c751e8b465ee728b)
Start importing Assets/IslandGeneration/Materials/Top.mat using Guid(0f2a104aeb9f2c440a0c38e8efe58d4f) Importer(815301076,1909f56bfc062723c751e8b465ee728b)  -> (artifact id: '9e819c63bb8f065afb44f913faf059d6') in 0.128927 seconds 
========================================================================
Received Prepare
Registering precompiled user dll's ...
Registered in 0.010464 seconds.
Begin MonoManager ReloadAssembly
Symbol file LoadedFromMemory doesn't match image C:\Users\Elliot Winch\Documents\2020\Xanthi\Library\PackageCache\com.unity.visualscripting@1.7.6\Editor\VisualScripting.Core\Dependencies\YamlDotNet\Unity.VisualScripting.YamlDotNet.dll
Symbol file LoadedFromMemory doesn't match image C:\Users\Elliot Winch\Documents\2020\Xanthi\Library\PackageCache\com.unity.visualscripting@1.7.6\Editor\VisualScripting.Core\Dependencies\DotNetZip\Unity.VisualScripting.IonicZip.dll
Native extension for WindowsStandalone target not found
Refreshing native plugins compatible for Editor in 1.09 ms, found 3 plugins.
Preloading 0 native plugins for Editor in 0.00 ms.
Mono: successfully reloaded assembly
- Completed reload, in  3.017 seconds
Domain Reload Profiling:
	ReloadAssembly (3018ms)
		BeginReloadAssembly (508ms)
			ExecutionOrderSort (0ms)
			DisableScriptedObjects (113ms)
			BackupInstance (0ms)
			ReleaseScriptingObjects (1ms)
			CreateAndSetChildDomain (171ms)
		EndReloadAssembly (2329ms)
			LoadAssemblies (193ms)
			RebuildTransferFunctionScriptingTraits (0ms)
			SetupTypeCache (745ms)
			ReleaseScriptCaches (3ms)
			RebuildScriptCaches (116ms)
			SetupLoadedEditorAssemblies (1074ms)
				LogAssemblyErrors (0ms)
				InitializePlatformSupportModulesInManaged (17ms)
				SetLoadedEditorAssemblies (1ms)
				RefreshPlugins (1ms)
				BeforeProcessingInitializeOnLoad (154ms)
				ProcessInitializeOnLoadAttributes (832ms)
				ProcessInitializeOnLoadMethodAttributes (53ms)
				AfterProcessingInitializeOnLoad (15ms)
				EditorAssembliesLoaded (0ms)
			ExecutionOrderSort2 (0ms)
			AwakeInstancesAfterBackupRestoration (35ms)
Platform modules already initialized, skipping
Refreshing native plugins compatible for Editor in 1.54 ms, found 3 plugins.
Preloading 0 native plugins for Editor in 0.00 ms.
Unloading 5668 Unused Serialized files (Serialized files now loaded: 0)
Unloading 54 unused Assets / (3.5 MB). Loaded Objects now: 6608.
Memory consumption went from 273.9 MB to 270.4 MB.
Total: 11.812900 ms (FindLiveObjects: 0.844300 ms CreateObjectMapping: 1.060700 ms MarkObjects: 8.901800 ms  DeleteObjects: 1.004100 ms)

AssetImportParameters requested are different than current active one (requested -> active):
  custom:video-decoder-ogg-theora: a1e56fd34408186e4bbccfd4996cb3dc -> 
  custom:container-muxer-webm: aa71ff27fc2769a1b78a27578f13a17b -> 
  custom:container-demuxer-webm: 4f35f7cbe854078d1ac9338744f61a02 -> 
  custom:video-encoder-webm-vp8: eb34c28f22e8b96e1ab97ce403110664 -> 
  custom:video-codec-MediaFoundation-h265: 746d11721c4dcdbdad8f713fa42b33f4 -> 
  custom:audio-encoder-webm-vorbis: bf7c407c2cedff20999df2af8eb42d56 -> 
  custom:framework-win-MediaFoundation: 216162199b28c13a410421893ffa2e32 -> 
  custom:container-demuxer-ogg: 62fdf1f143b41e24485cea50d1cbac27 -> 
  custom:video-decoder-webm-vp8: 9c59270c3fd7afecdb556c50c9e8de78 -> 
  custom:audio-decoder-ogg-vorbis: bf7c407c2cedff20999df2af8eb42d56 -> 
========================================================================
Received Prepare
Registering precompiled user dll's ...
Registered in 0.016334 seconds.
Begin MonoManager ReloadAssembly
Symbol file LoadedFromMemory doesn't match image C:\Users\Elliot Winch\Documents\2020\Xanthi\Library\PackageCache\com.unity.visualscripting@1.7.6\Editor\VisualScripting.Core\Dependencies\YamlDotNet\Unity.VisualScripting.YamlDotNet.dll
Symbol file LoadedFromMemory doesn't match image C:\Users\Elliot Winch\Documents\2020\Xanthi\Library\PackageCache\com.unity.visualscripting@1.7.6\Editor\VisualScripting.Core\Dependencies\DotNetZip\Unity.VisualScripting.IonicZip.dll
Native extension for WindowsStandalone target not found
Refreshing native plugins compatible for Editor in 1.99 ms, found 3 plugins.
Preloading 0 native plugins for Editor in 0.00 ms.
Mono: successfully reloaded assembly
- Completed reload, in  3.219 seconds
Domain Reload Profiling:
	ReloadAssembly (3220ms)
		BeginReloadAssembly (372ms)
			ExecutionOrderSort (0ms)
			DisableScriptedObjects (29ms)
			BackupInstance (0ms)
			ReleaseScriptingObjects (1ms)
			CreateAndSetChildDomain (111ms)
		EndReloadAssembly (2601ms)
			LoadAssemblies (247ms)
			RebuildTransferFunctionScriptingTraits (0ms)
			SetupTypeCache (630ms)
			ReleaseScriptCaches (5ms)
			RebuildScriptCaches (151ms)
			SetupLoadedEditorAssemblies (1248ms)
				LogAssemblyErrors (0ms)
				InitializePlatformSupportModulesInManaged (34ms)
				SetLoadedEditorAssemblies (2ms)
				RefreshPlugins (2ms)
				BeforeProcessingInitializeOnLoad (221ms)
				ProcessInitializeOnLoadAttributes (905ms)
				ProcessInitializeOnLoadMethodAttributes (68ms)
				AfterProcessingInitializeOnLoad (16ms)
				EditorAssembliesLoaded (1ms)
			ExecutionOrderSort2 (0ms)
			AwakeInstancesAfterBackupRestoration (31ms)
Platform modules already initialized, skipping
Refreshing native plugins compatible for Editor in 1.58 ms, found 3 plugins.
Preloading 0 native plugins for Editor in 0.00 ms.
Unloading 5678 Unused Serialized files (Serialized files now loaded: 0)
Unloading 54 unused Assets / (3.5 MB). Loaded Objects now: 6636.
Memory consumption went from 277.0 MB to 273.5 MB.
Total: 11.220500 ms (FindLiveObjects: 0.873900 ms CreateObjectMapping: 3.011900 ms MarkObjects: 5.233400 ms  DeleteObjects: 2.098500 ms)

AssetImportParameters requested are different than current active one (requested -> active):
  custom:video-decoder-ogg-theora: a1e56fd34408186e4bbccfd4996cb3dc -> 
  custom:container-muxer-webm: aa71ff27fc2769a1b78a27578f13a17b -> 
  custom:container-demuxer-webm: 4f35f7cbe854078d1ac9338744f61a02 -> 
  custom:video-encoder-webm-vp8: eb34c28f22e8b96e1ab97ce403110664 -> 
  custom:video-codec-MediaFoundation-h265: 746d11721c4dcdbdad8f713fa42b33f4 -> 
  custom:audio-encoder-webm-vorbis: bf7c407c2cedff20999df2af8eb42d56 -> 
  custom:framework-win-MediaFoundation: 216162199b28c13a410421893ffa2e32 -> 
  custom:container-demuxer-ogg: 62fdf1f143b41e24485cea50d1cbac27 -> 
  custom:video-decoder-webm-vp8: 9c59270c3fd7afecdb556c50c9e8de78 -> 
  custom:audio-decoder-ogg-vorbis: bf7c407c2cedff20999df2af8eb42d56 -> 
========================================================================
Received Import Request.
  Time since last request: 209.110128 seconds.
  path: Assets/IslandGeneration/Materials/Top.mat
  artifactKey: Guid(0f2a104aeb9f2c440a0c38e8efe58d4f) Importer(815301076,1909f56bfc062723c751e8b465ee728b)
Start importing Assets/IslandGeneration/Materials/Top.mat using Guid(0f2a104aeb9f2c440a0c38e8efe58d4f) Importer(815301076,1909f56bfc062723c751e8b465ee728b)  -> (artifact id: 'e90825a0e0980665c2faae8aafd03465') in 3.166992 seconds 
========================================================================
Received Import Request.
  Time since last request: 117.430291 seconds.
  path: Assets/IslandGeneration/Materials/Base.mat
  artifactKey: Guid(9bb3b1c3c27d56e4aa547f0e4bb558cc) Importer(815301076,1909f56bfc062723c751e8b465ee728b)
Start importing Assets/IslandGeneration/Materials/Base.mat using Guid(9bb3b1c3c27d56e4aa547f0e4bb558cc) Importer(815301076,1909f56bfc062723c751e8b465ee728b)  -> (artifact id: 'a494982b8571d0ca54daf7603c0f1909') in 0.079839 seconds 
========================================================================
Received Import Request.
  Time since last request: 0.000256 seconds.
  path: Assets/IslandGeneration/Materials/Top.mat
  artifactKey: Guid(0f2a104aeb9f2c440a0c38e8efe58d4f) Importer(815301076,1909f56bfc062723c751e8b465ee728b)
Start importing Assets/IslandGeneration/Materials/Top.mat using Guid(0f2a104aeb9f2c440a0c38e8efe58d4f) Importer(815301076,1909f56bfc062723c751e8b465ee728b)  -> (artifact id: '80a78383951d08b8e7d70506a24ba669') in 0.060778 seconds 
========================================================================
Received Prepare
Registering precompiled user dll's ...
Registered in 0.009906 seconds.
Begin MonoManager ReloadAssembly
Symbol file LoadedFromMemory doesn't match image C:\Users\Elliot Winch\Documents\2020\Xanthi\Library\PackageCache\com.unity.visualscripting@1.7.6\Editor\VisualScripting.Core\Dependencies\YamlDotNet\Unity.VisualScripting.YamlDotNet.dll
Symbol file LoadedFromMemory doesn't match image C:\Users\Elliot Winch\Documents\2020\Xanthi\Library\PackageCache\com.unity.visualscripting@1.7.6\Editor\VisualScripting.Core\Dependencies\DotNetZip\Unity.VisualScripting.IonicZip.dll
Native extension for WindowsStandalone target not found
Refreshing native plugins compatible for Editor in 1.09 ms, found 3 plugins.
Preloading 0 native plugins for Editor in 0.00 ms.
Mono: successfully reloaded assembly
- Completed reload, in  1.939 seconds
Domain Reload Profiling:
	ReloadAssembly (1940ms)
		BeginReloadAssembly (258ms)
			ExecutionOrderSort (0ms)
			DisableScriptedObjects (43ms)
			BackupInstance (0ms)
			ReleaseScriptingObjects (0ms)
			CreateAndSetChildDomain (70ms)
		EndReloadAssembly (1547ms)
			LoadAssemblies (141ms)
			RebuildTransferFunctionScriptingTraits (0ms)
			SetupTypeCache (379ms)
			ReleaseScriptCaches (3ms)
			RebuildScriptCaches (96ms)
			SetupLoadedEditorAssemblies (750ms)
				LogAssemblyErrors (0ms)
				InitializePlatformSupportModulesInManaged (17ms)
				SetLoadedEditorAssemblies (1ms)
				RefreshPlugins (1ms)
				BeforeProcessingInitializeOnLoad (131ms)
				ProcessInitializeOnLoadAttributes (551ms)
				ProcessInitializeOnLoadMethodAttributes (38ms)
				AfterProcessingInitializeOnLoad (11ms)
				EditorAssembliesLoaded (0ms)
			ExecutionOrderSort2 (0ms)
			AwakeInstancesAfterBackupRestoration (33ms)
Platform modules already initialized, skipping
Refreshing native plugins compatible for Editor in 1.24 ms, found 3 plugins.
Preloading 0 native plugins for Editor in 0.00 ms.
Unloading 5665 Unused Serialized files (Serialized files now loaded: 0)
Unloading 54 unused Assets / (3.5 MB). Loaded Objects now: 6747.
Memory consumption went from 276.6 MB to 273.1 MB.
Total: 6.883800 ms (FindLiveObjects: 1.299300 ms CreateObjectMapping: 0.889000 ms MarkObjects: 3.963100 ms  DeleteObjects: 0.730500 ms)

AssetImportParameters requested are different than current active one (requested -> active):
  custom:video-decoder-ogg-theora: a1e56fd34408186e4bbccfd4996cb3dc -> 
  custom:container-muxer-webm: aa71ff27fc2769a1b78a27578f13a17b -> 
  custom:container-demuxer-webm: 4f35f7cbe854078d1ac9338744f61a02 -> 
  custom:video-encoder-webm-vp8: eb34c28f22e8b96e1ab97ce403110664 -> 
  custom:video-codec-MediaFoundation-h265: 746d11721c4dcdbdad8f713fa42b33f4 -> 
  custom:audio-encoder-webm-vorbis: bf7c407c2cedff20999df2af8eb42d56 -> 
  custom:framework-win-MediaFoundation: 216162199b28c13a410421893ffa2e32 -> 
  custom:container-demuxer-ogg: 62fdf1f143b41e24485cea50d1cbac27 -> 
  custom:video-decoder-webm-vp8: 9c59270c3fd7afecdb556c50c9e8de78 -> 
  custom:audio-decoder-ogg-vorbis: bf7c407c2cedff20999df2af8eb42d56 -> 
========================================================================
Received Import Request.
  Time since last request: 245.189788 seconds.
  path: Assets/IslandGeneration/Materials/Base.mat
  artifactKey: Guid(9bb3b1c3c27d56e4aa547f0e4bb558cc) Importer(815301076,1909f56bfc062723c751e8b465ee728b)
Start importing Assets/IslandGeneration/Materials/Base.mat using Guid(9bb3b1c3c27d56e4aa547f0e4bb558cc) Importer(815301076,1909f56bfc062723c751e8b465ee728b)  -> (artifact id: 'cb5b623c5f98a3dfe7f2f457c4a10982') in 3.764393 seconds 
========================================================================
Received Prepare
Registering precompiled user dll's ...
Registered in 0.009995 seconds.
Begin MonoManager ReloadAssembly
Symbol file LoadedFromMemory doesn't match image C:\Users\Elliot Winch\Documents\2020\Xanthi\Library\PackageCache\com.unity.visualscripting@1.7.6\Editor\VisualScripting.Core\Dependencies\YamlDotNet\Unity.VisualScripting.YamlDotNet.dll
Symbol file LoadedFromMemory doesn't match image C:\Users\Elliot Winch\Documents\2020\Xanthi\Library\PackageCache\com.unity.visualscripting@1.7.6\Editor\VisualScripting.Core\Dependencies\DotNetZip\Unity.VisualScripting.IonicZip.dll
Native extension for WindowsStandalone target not found
Refreshing native plugins compatible for Editor in 1.10 ms, found 3 plugins.
Preloading 0 native plugins for Editor in 0.00 ms.
Mono: successfully reloaded assembly
- Completed reload, in  2.180 seconds
Domain Reload Profiling:
	ReloadAssembly (2181ms)
		BeginReloadAssembly (263ms)
			ExecutionOrderSort (0ms)
			DisableScriptedObjects (42ms)
			BackupInstance (0ms)
			ReleaseScriptingObjects (0ms)
			CreateAndSetChildDomain (77ms)
		EndReloadAssembly (1785ms)
			LoadAssemblies (130ms)
			RebuildTransferFunctionScriptingTraits (0ms)
			SetupTypeCache (375ms)
			ReleaseScriptCaches (2ms)
			RebuildScriptCaches (101ms)
			SetupLoadedEditorAssemblies (999ms)
				LogAssemblyErrors (0ms)
				InitializePlatformSupportModulesInManaged (16ms)
				SetLoadedEditorAssemblies (1ms)
				RefreshPlugins (1ms)
				BeforeProcessingInitializeOnLoad (130ms)
				ProcessInitializeOnLoadAttributes (801ms)
				ProcessInitializeOnLoadMethodAttributes (38ms)
				AfterProcessingInitializeOnLoad (12ms)
				EditorAssembliesLoaded (0ms)
			ExecutionOrderSort2 (0ms)
			AwakeInstancesAfterBackupRestoration (33ms)
Platform modules already initialized, skipping
Refreshing native plugins compatible for Editor in 1.04 ms, found 3 plugins.
Preloading 0 native plugins for Editor in 0.00 ms.
Unloading 5665 Unused Serialized files (Serialized files now loaded: 0)
Unloading 54 unused Assets / (3.5 MB). Loaded Objects now: 6858.
Memory consumption went from 276.7 MB to 273.2 MB.
Total: 4.784300 ms (FindLiveObjects: 0.589000 ms CreateObjectMapping: 0.507300 ms MarkObjects: 3.148400 ms  DeleteObjects: 0.538400 ms)

AssetImportParameters requested are different than current active one (requested -> active):
  custom:video-decoder-ogg-theora: a1e56fd34408186e4bbccfd4996cb3dc -> 
  custom:container-muxer-webm: aa71ff27fc2769a1b78a27578f13a17b -> 
  custom:container-demuxer-webm: 4f35f7cbe854078d1ac9338744f61a02 -> 
  custom:video-encoder-webm-vp8: eb34c28f22e8b96e1ab97ce403110664 -> 
  custom:video-codec-MediaFoundation-h265: 746d11721c4dcdbdad8f713fa42b33f4 -> 
  custom:audio-encoder-webm-vorbis: bf7c407c2cedff20999df2af8eb42d56 -> 
  custom:framework-win-MediaFoundation: 216162199b28c13a410421893ffa2e32 -> 
  custom:container-demuxer-ogg: 62fdf1f143b41e24485cea50d1cbac27 -> 
  custom:video-decoder-webm-vp8: 9c59270c3fd7afecdb556c50c9e8de78 -> 
  custom:audio-decoder-ogg-vorbis: bf7c407c2cedff20999df2af8eb42d56 -> 
========================================================================
Received Import Request.
  Time since last request: 10.015190 seconds.
  path: Assets/IslandGeneration/Materials/Top.mat
  artifactKey: Guid(0f2a104aeb9f2c440a0c38e8efe58d4f) Importer(815301076,1909f56bfc062723c751e8b465ee728b)
Start importing Assets/IslandGeneration/Materials/Top.mat using Guid(0f2a104aeb9f2c440a0c38e8efe58d4f) Importer(815301076,1909f56bfc062723c751e8b465ee728b)  -> (artifact id: 'ff02f1048c36bf422f4cbbf37ae85f2b') in 1.084827 seconds 
========================================================================
Received Import Request.
  Time since last request: 1942.324488 seconds.
  path: Assets/IslandGeneration/Scripts/Compute/MarchingCubes.compute
  artifactKey: Guid(da61193ea52571e4688a2fcdbbde9fad) Importer(815301076,1909f56bfc062723c751e8b465ee728b)
Start importing Assets/IslandGeneration/Scripts/Compute/MarchingCubes.compute using Guid(da61193ea52571e4688a2fcdbbde9fad) Importer(815301076,1909f56bfc062723c751e8b465ee728b)  -> (artifact id: '1ba05b13d44fc1e87d1c042ecc600beb') in 0.014871 seconds 
========================================================================
Received Import Request.
  Time since last request: 26.425260 seconds.
  path: Assets/IslandGeneration/Scripts/Compute/IslandTexture.compute
  artifactKey: Guid(3c6fcc2d9b442e84da592c55f4273ea4) Importer(815301076,1909f56bfc062723c751e8b465ee728b)
Start importing Assets/IslandGeneration/Scripts/Compute/IslandTexture.compute using Guid(3c6fcc2d9b442e84da592c55f4273ea4) Importer(815301076,1909f56bfc062723c751e8b465ee728b)  -> (artifact id: 'ba58286595a030a2bfcb33cdd6292c5b') in 0.008061 seconds 
========================================================================
Received Import Request.
  Time since last request: 150.482026 seconds.
  path: Assets/IslandGeneration/Scripts/Compute/IslandTexture.compute
  artifactKey: Guid(3c6fcc2d9b442e84da592c55f4273ea4) Importer(815301076,1909f56bfc062723c751e8b465ee728b)
Start importing Assets/IslandGeneration/Scripts/Compute/IslandTexture.compute using Guid(3c6fcc2d9b442e84da592c55f4273ea4) Importer(815301076,1909f56bfc062723c751e8b465ee728b)  -> (artifact id: '3e036c8ae31448c43c9661223d8fbef8') in 0.010331 seconds 
========================================================================
Received Import Request.
  Time since last request: 523.441571 seconds.
  path: Assets/IslandGeneration/Scripts/Compute/IslandTexture.compute
  artifactKey: Guid(3c6fcc2d9b442e84da592c55f4273ea4) Importer(815301076,1909f56bfc062723c751e8b465ee728b)
Start importing Assets/IslandGeneration/Scripts/Compute/IslandTexture.compute using Guid(3c6fcc2d9b442e84da592c55f4273ea4) Importer(815301076,1909f56bfc062723c751e8b465ee728b)  -> (artifact id: 'b834e6e85ab9665c0e30ff9c51c83a81') in 0.007408 seconds 
========================================================================
Received Import Request.
  Time since last request: 102.215709 seconds.
  path: Assets/IslandGeneration/Shaders/Island.shadergraph
  artifactKey: Guid(f7502d34bfc2d95489d718b4bff49f7c) Importer(815301076,1909f56bfc062723c751e8b465ee728b)
Start importing Assets/IslandGeneration/Shaders/Island.shadergraph using Guid(f7502d34bfc2d95489d718b4bff49f7c) Importer(815301076,1909f56bfc062723c751e8b465ee728b)  -> (artifact id: '7d0807620561bfbfcf65f3c980c7172f') in 0.013168 seconds 
========================================================================
Received Import Request.
  Time since last request: 273.810100 seconds.
  path: Assets/IslandGeneration/Shaders/IslandTexture.shader
  artifactKey: Guid(5d75d8841e59de94e96b54aa00babcad) Importer(815301076,1909f56bfc062723c751e8b465ee728b)
Start importing Assets/IslandGeneration/Shaders/IslandTexture.shader using Guid(5d75d8841e59de94e96b54aa00babcad) Importer(815301076,1909f56bfc062723c751e8b465ee728b)  -> (artifact id: 'fa8eaf9fa2a6cdffdeaf11be6ec9b485') in 0.111985 seconds 
========================================================================
Received Import Request.
  Time since last request: 494.871038 seconds.
  path: Assets/IslandGeneration/Shaders/IslandTexture.shader
  artifactKey: Guid(5d75d8841e59de94e96b54aa00babcad) Importer(815301076,1909f56bfc062723c751e8b465ee728b)
Start importing Assets/IslandGeneration/Shaders/IslandTexture.shader using Guid(5d75d8841e59de94e96b54aa00babcad) Importer(815301076,1909f56bfc062723c751e8b465ee728b)  -> (artifact id: '27cd6530489f90609cef019cf422a68d') in 0.008797 seconds 
========================================================================
Received Import Request.
  Time since last request: 4.389009 seconds.
  path: Assets/IslandGeneration/Materials/Base.mat
  artifactKey: Guid(9bb3b1c3c27d56e4aa547f0e4bb558cc) Importer(815301076,1909f56bfc062723c751e8b465ee728b)
Start importing Assets/IslandGeneration/Materials/Base.mat using Guid(9bb3b1c3c27d56e4aa547f0e4bb558cc) Importer(815301076,1909f56bfc062723c751e8b465ee728b)  -> (artifact id: 'df300905165aa2cc2fff67adb33af6ae') in 0.119347 seconds 
========================================================================
Received Import Request.
  Time since last request: 0.000058 seconds.
  path: Assets/IslandGeneration/Materials/Top.mat
  artifactKey: Guid(0f2a104aeb9f2c440a0c38e8efe58d4f) Importer(815301076,1909f56bfc062723c751e8b465ee728b)
Start importing Assets/IslandGeneration/Materials/Top.mat using Guid(0f2a104aeb9f2c440a0c38e8efe58d4f) Importer(815301076,1909f56bfc062723c751e8b465ee728b)  -> (artifact id: 'a28043f0ebf887cb788052648e44249f') in 0.047376 seconds 
========================================================================
Received Prepare
Registering precompiled user dll's ...
Registered in 0.010170 seconds.
Begin MonoManager ReloadAssembly
Symbol file LoadedFromMemory doesn't match image C:\Users\Elliot Winch\Documents\2020\Xanthi\Library\PackageCache\com.unity.visualscripting@1.7.6\Editor\VisualScripting.Core\Dependencies\YamlDotNet\Unity.VisualScripting.YamlDotNet.dll
Symbol file LoadedFromMemory doesn't match image C:\Users\Elliot Winch\Documents\2020\Xanthi\Library\PackageCache\com.unity.visualscripting@1.7.6\Editor\VisualScripting.Core\Dependencies\DotNetZip\Unity.VisualScripting.IonicZip.dll
Native extension for WindowsStandalone target not found
Refreshing native plugins compatible for Editor in 1.31 ms, found 3 plugins.
Preloading 0 native plugins for Editor in 0.00 ms.
Mono: successfully reloaded assembly
- Completed reload, in  4.172 seconds
Domain Reload Profiling:
	ReloadAssembly (4177ms)
		BeginReloadAssembly (1001ms)
			ExecutionOrderSort (0ms)
			DisableScriptedObjects (271ms)
			BackupInstance (0ms)
			ReleaseScriptingObjects (0ms)
			CreateAndSetChildDomain (355ms)
		EndReloadAssembly (3012ms)
			LoadAssemblies (738ms)
			RebuildTransferFunctionScriptingTraits (0ms)
			SetupTypeCache (784ms)
			ReleaseScriptCaches (7ms)
			RebuildScriptCaches (94ms)
			SetupLoadedEditorAssemblies (1189ms)
				LogAssemblyErrors (0ms)
				InitializePlatformSupportModulesInManaged (29ms)
				SetLoadedEditorAssemblies (2ms)
				RefreshPlugins (1ms)
				BeforeProcessingInitializeOnLoad (133ms)
				ProcessInitializeOnLoadAttributes (940ms)
				ProcessInitializeOnLoadMethodAttributes (67ms)
				AfterProcessingInitializeOnLoad (16ms)
				EditorAssembliesLoaded (0ms)
			ExecutionOrderSort2 (0ms)
			AwakeInstancesAfterBackupRestoration (55ms)
Platform modules already initialized, skipping
Refreshing native plugins compatible for Editor in 1.29 ms, found 3 plugins.
Preloading 0 native plugins for Editor in 0.00 ms.
Unloading 5665 Unused Serialized files (Serialized files now loaded: 0)
Unloading 54 unused Assets / (3.5 MB). Loaded Objects now: 6969.
Memory consumption went from 276.8 MB to 273.4 MB.
Total: 23.929000 ms (FindLiveObjects: 1.895800 ms CreateObjectMapping: 1.051600 ms MarkObjects: 18.485800 ms  DeleteObjects: 2.493000 ms)

AssetImportParameters requested are different than current active one (requested -> active):
  custom:video-decoder-ogg-theora: a1e56fd34408186e4bbccfd4996cb3dc -> 
  custom:container-muxer-webm: aa71ff27fc2769a1b78a27578f13a17b -> 
  custom:container-demuxer-webm: 4f35f7cbe854078d1ac9338744f61a02 -> 
  custom:video-encoder-webm-vp8: eb34c28f22e8b96e1ab97ce403110664 -> 
  custom:video-codec-MediaFoundation-h265: 746d11721c4dcdbdad8f713fa42b33f4 -> 
  custom:audio-encoder-webm-vorbis: bf7c407c2cedff20999df2af8eb42d56 -> 
  custom:framework-win-MediaFoundation: 216162199b28c13a410421893ffa2e32 -> 
  custom:container-demuxer-ogg: 62fdf1f143b41e24485cea50d1cbac27 -> 
  custom:video-decoder-webm-vp8: 9c59270c3fd7afecdb556c50c9e8de78 -> 
  custom:audio-decoder-ogg-vorbis: bf7c407c2cedff20999df2af8eb42d56 -> 
========================================================================
Received Prepare
Registering precompiled user dll's ...
Registered in 0.010855 seconds.
Begin MonoManager ReloadAssembly
Symbol file LoadedFromMemory doesn't match image C:\Users\Elliot Winch\Documents\2020\Xanthi\Library\PackageCache\com.unity.visualscripting@1.7.6\Editor\VisualScripting.Core\Dependencies\YamlDotNet\Unity.VisualScripting.YamlDotNet.dll
Symbol file LoadedFromMemory doesn't match image C:\Users\Elliot Winch\Documents\2020\Xanthi\Library\PackageCache\com.unity.visualscripting@1.7.6\Editor\VisualScripting.Core\Dependencies\DotNetZip\Unity.VisualScripting.IonicZip.dll
Native extension for WindowsStandalone target not found
Refreshing native plugins compatible for Editor in 1.55 ms, found 3 plugins.
Preloading 0 native plugins for Editor in 0.00 ms.
Mono: successfully reloaded assembly
- Completed reload, in  2.632 seconds
Domain Reload Profiling:
	ReloadAssembly (2633ms)
		BeginReloadAssembly (258ms)
			ExecutionOrderSort (0ms)
			DisableScriptedObjects (16ms)
			BackupInstance (0ms)
			ReleaseScriptingObjects (0ms)
			CreateAndSetChildDomain (78ms)
		EndReloadAssembly (2240ms)
			LoadAssemblies (155ms)
			RebuildTransferFunctionScriptingTraits (0ms)
			SetupTypeCache (729ms)
			ReleaseScriptCaches (3ms)
			RebuildScriptCaches (104ms)
			SetupLoadedEditorAssemblies (1069ms)
				LogAssemblyErrors (0ms)
				InitializePlatformSupportModulesInManaged (18ms)
				SetLoadedEditorAssemblies (1ms)
				RefreshPlugins (2ms)
				BeforeProcessingInitializeOnLoad (369ms)
				ProcessInitializeOnLoadAttributes (633ms)
				ProcessInitializeOnLoadMethodAttributes (37ms)
				AfterProcessingInitializeOnLoad (11ms)
				EditorAssembliesLoaded (0ms)
			ExecutionOrderSort2 (0ms)
			AwakeInstancesAfterBackupRestoration (35ms)
Platform modules already initialized, skipping
Refreshing native plugins compatible for Editor in 1.15 ms, found 3 plugins.
Preloading 0 native plugins for Editor in 0.00 ms.
Unloading 5665 Unused Serialized files (Serialized files now loaded: 0)
Unloading 54 unused Assets / (3.5 MB). Loaded Objects now: 6971.
Memory consumption went from 276.7 MB to 273.2 MB.
Total: 14.220300 ms (FindLiveObjects: 0.839200 ms CreateObjectMapping: 1.314100 ms MarkObjects: 11.254400 ms  DeleteObjects: 0.811200 ms)

AssetImportParameters requested are different than current active one (requested -> active):
  custom:video-decoder-ogg-theora: a1e56fd34408186e4bbccfd4996cb3dc -> 
  custom:container-muxer-webm: aa71ff27fc2769a1b78a27578f13a17b -> 
  custom:container-demuxer-webm: 4f35f7cbe854078d1ac9338744f61a02 -> 
  custom:video-encoder-webm-vp8: eb34c28f22e8b96e1ab97ce403110664 -> 
  custom:video-codec-MediaFoundation-h265: 746d11721c4dcdbdad8f713fa42b33f4 -> 
  custom:audio-encoder-webm-vorbis: bf7c407c2cedff20999df2af8eb42d56 -> 
  custom:framework-win-MediaFoundation: 216162199b28c13a410421893ffa2e32 -> 
  custom:container-demuxer-ogg: 62fdf1f143b41e24485cea50d1cbac27 -> 
  custom:video-decoder-webm-vp8: 9c59270c3fd7afecdb556c50c9e8de78 -> 
  custom:audio-decoder-ogg-vorbis: bf7c407c2cedff20999df2af8eb42d56 -> 
========================================================================
Received Import Request.
  Time since last request: 171.437915 seconds.
  path: Assets/IslandGeneration/Shaders/Island.shadergraph
  artifactKey: Guid(f7502d34bfc2d95489d718b4bff49f7c) Importer(815301076,1909f56bfc062723c751e8b465ee728b)
Start importing Assets/IslandGeneration/Shaders/Island.shadergraph using Guid(f7502d34bfc2d95489d718b4bff49f7c) Importer(815301076,1909f56bfc062723c751e8b465ee728b)  -> (artifact id: '86480356169219624e9c78526d6d9c9d') in 0.033017 seconds 
========================================================================
Received Import Request.
  Time since last request: 49.286991 seconds.
  path: Assets/IslandGeneration/Shaders/Island.shadergraph
  artifactKey: Guid(f7502d34bfc2d95489d718b4bff49f7c) Importer(815301076,1909f56bfc062723c751e8b465ee728b)
Start importing Assets/IslandGeneration/Shaders/Island.shadergraph using Guid(f7502d34bfc2d95489d718b4bff49f7c) Importer(815301076,1909f56bfc062723c751e8b465ee728b)  -> (artifact id: '9ded9323461a9cece4bf4c54c45de592') in 0.009034 seconds 
========================================================================
Received Prepare
Registering precompiled user dll's ...
Registered in 0.009891 seconds.
Begin MonoManager ReloadAssembly
Symbol file LoadedFromMemory doesn't match image C:\Users\Elliot Winch\Documents\2020\Xanthi\Library\PackageCache\com.unity.visualscripting@1.7.6\Editor\VisualScripting.Core\Dependencies\YamlDotNet\Unity.VisualScripting.YamlDotNet.dll
Symbol file LoadedFromMemory doesn't match image C:\Users\Elliot Winch\Documents\2020\Xanthi\Library\PackageCache\com.unity.visualscripting@1.7.6\Editor\VisualScripting.Core\Dependencies\DotNetZip\Unity.VisualScripting.IonicZip.dll
Native extension for WindowsStandalone target not found
Refreshing native plugins compatible for Editor in 1.22 ms, found 3 plugins.
Preloading 0 native plugins for Editor in 0.00 ms.
Mono: successfully reloaded assembly
- Completed reload, in  2.096 seconds
Domain Reload Profiling:
	ReloadAssembly (2098ms)
		BeginReloadAssembly (208ms)
			ExecutionOrderSort (0ms)
			DisableScriptedObjects (12ms)
			BackupInstance (0ms)
			ReleaseScriptingObjects (0ms)
			CreateAndSetChildDomain (58ms)
		EndReloadAssembly (1738ms)
			LoadAssemblies (136ms)
			RebuildTransferFunctionScriptingTraits (0ms)
			SetupTypeCache (384ms)
			ReleaseScriptCaches (3ms)
			RebuildScriptCaches (108ms)
			SetupLoadedEditorAssemblies (911ms)
				LogAssemblyErrors (0ms)
				InitializePlatformSupportModulesInManaged (18ms)
				SetLoadedEditorAssemblies (1ms)
				RefreshPlugins (1ms)
				BeforeProcessingInitializeOnLoad (136ms)
				ProcessInitializeOnLoadAttributes (698ms)
				ProcessInitializeOnLoadMethodAttributes (44ms)
				AfterProcessingInitializeOnLoad (13ms)
				EditorAssembliesLoaded (0ms)
			ExecutionOrderSort2 (0ms)
			AwakeInstancesAfterBackupRestoration (39ms)
Platform modules already initialized, skipping
Refreshing native plugins compatible for Editor in 1.48 ms, found 3 plugins.
Preloading 0 native plugins for Editor in 0.00 ms.
Unloading 5665 Unused Serialized files (Serialized files now loaded: 0)
Unloading 54 unused Assets / (3.5 MB). Loaded Objects now: 6973.
Memory consumption went from 276.7 MB to 273.2 MB.
Total: 7.993100 ms (FindLiveObjects: 1.100600 ms CreateObjectMapping: 0.680500 ms MarkObjects: 5.633100 ms  DeleteObjects: 0.576600 ms)

AssetImportParameters requested are different than current active one (requested -> active):
  custom:video-decoder-ogg-theora: a1e56fd34408186e4bbccfd4996cb3dc -> 
  custom:container-muxer-webm: aa71ff27fc2769a1b78a27578f13a17b -> 
  custom:container-demuxer-webm: 4f35f7cbe854078d1ac9338744f61a02 -> 
  custom:video-encoder-webm-vp8: eb34c28f22e8b96e1ab97ce403110664 -> 
  custom:video-codec-MediaFoundation-h265: 746d11721c4dcdbdad8f713fa42b33f4 -> 
  custom:audio-encoder-webm-vorbis: bf7c407c2cedff20999df2af8eb42d56 -> 
  custom:framework-win-MediaFoundation: 216162199b28c13a410421893ffa2e32 -> 
  custom:container-demuxer-ogg: 62fdf1f143b41e24485cea50d1cbac27 -> 
  custom:video-decoder-webm-vp8: 9c59270c3fd7afecdb556c50c9e8de78 -> 
  custom:audio-decoder-ogg-vorbis: bf7c407c2cedff20999df2af8eb42d56 -> 
========================================================================
Received Prepare
Registering precompiled user dll's ...
Registered in 0.011253 seconds.
Begin MonoManager ReloadAssembly
Symbol file LoadedFromMemory doesn't match image C:\Users\Elliot Winch\Documents\2020\Xanthi\Library\PackageCache\com.unity.visualscripting@1.7.6\Editor\VisualScripting.Core\Dependencies\YamlDotNet\Unity.VisualScripting.YamlDotNet.dll
Symbol file LoadedFromMemory doesn't match image C:\Users\Elliot Winch\Documents\2020\Xanthi\Library\PackageCache\com.unity.visualscripting@1.7.6\Editor\VisualScripting.Core\Dependencies\DotNetZip\Unity.VisualScripting.IonicZip.dll
Native extension for WindowsStandalone target not found
Refreshing native plugins compatible for Editor in 2.23 ms, found 3 plugins.
Preloading 0 native plugins for Editor in 0.00 ms.
Mono: successfully reloaded assembly
- Completed reload, in  4.675 seconds
Domain Reload Profiling:
	ReloadAssembly (4676ms)
		BeginReloadAssembly (990ms)
			ExecutionOrderSort (0ms)
			DisableScriptedObjects (12ms)
			BackupInstance (0ms)
			ReleaseScriptingObjects (1ms)
			CreateAndSetChildDomain (66ms)
		EndReloadAssembly (3549ms)
			LoadAssemblies (146ms)
			RebuildTransferFunctionScriptingTraits (0ms)
			SetupTypeCache (1093ms)
			ReleaseScriptCaches (4ms)
			RebuildScriptCaches (349ms)
			SetupLoadedEditorAssemblies (1391ms)
				LogAssemblyErrors (0ms)
				InitializePlatformSupportModulesInManaged (24ms)
				SetLoadedEditorAssemblies (1ms)
				RefreshPlugins (2ms)
				BeforeProcessingInitializeOnLoad (154ms)
				ProcessInitializeOnLoadAttributes (1076ms)
				ProcessInitializeOnLoadMethodAttributes (108ms)
				AfterProcessingInitializeOnLoad (24ms)
				EditorAssembliesLoaded (2ms)
			ExecutionOrderSort2 (0ms)
			AwakeInstancesAfterBackupRestoration (80ms)
Platform modules already initialized, skipping
Refreshing native plugins compatible for Editor in 2.06 ms, found 3 plugins.
Preloading 0 native plugins for Editor in 0.00 ms.
Unloading 5681 Unused Serialized files (Serialized files now loaded: 0)
Unloading 54 unused Assets / (3.5 MB). Loaded Objects now: 6991.
Memory consumption went from 277.5 MB to 274.0 MB.
Total: 17.919100 ms (FindLiveObjects: 2.131500 ms CreateObjectMapping: 1.861300 ms MarkObjects: 12.423000 ms  DeleteObjects: 1.500800 ms)

AssetImportParameters requested are different than current active one (requested -> active):
  custom:video-decoder-ogg-theora: a1e56fd34408186e4bbccfd4996cb3dc -> 
  custom:container-muxer-webm: aa71ff27fc2769a1b78a27578f13a17b -> 
  custom:container-demuxer-webm: 4f35f7cbe854078d1ac9338744f61a02 -> 
  custom:video-encoder-webm-vp8: eb34c28f22e8b96e1ab97ce403110664 -> 
  custom:video-codec-MediaFoundation-h265: 746d11721c4dcdbdad8f713fa42b33f4 -> 
  custom:audio-encoder-webm-vorbis: bf7c407c2cedff20999df2af8eb42d56 -> 
  custom:framework-win-MediaFoundation: 216162199b28c13a410421893ffa2e32 -> 
  custom:container-demuxer-ogg: 62fdf1f143b41e24485cea50d1cbac27 -> 
  custom:video-decoder-webm-vp8: 9c59270c3fd7afecdb556c50c9e8de78 -> 
  custom:audio-decoder-ogg-vorbis: bf7c407c2cedff20999df2af8eb42d56 -> 
========================================================================
Received Import Request.
  Time since last request: 293.130142 seconds.
  path: Assets/IslandGeneration/Shaders/Island.shadergraph
  artifactKey: Guid(f7502d34bfc2d95489d718b4bff49f7c) Importer(815301076,1909f56bfc062723c751e8b465ee728b)
Start importing Assets/IslandGeneration/Shaders/Island.shadergraph using Guid(f7502d34bfc2d95489d718b4bff49f7c) Importer(815301076,1909f56bfc062723c751e8b465ee728b)  -> (artifact id: '9221306096293004e7d66536060817d5') in 0.031328 seconds 
========================================================================
Received Prepare
Registering precompiled user dll's ...
Registered in 0.010106 seconds.
Begin MonoManager ReloadAssembly
Symbol file LoadedFromMemory doesn't match image C:\Users\Elliot Winch\Documents\2020\Xanthi\Library\PackageCache\com.unity.visualscripting@1.7.6\Editor\VisualScripting.Core\Dependencies\YamlDotNet\Unity.VisualScripting.YamlDotNet.dll
Symbol file LoadedFromMemory doesn't match image C:\Users\Elliot Winch\Documents\2020\Xanthi\Library\PackageCache\com.unity.visualscripting@1.7.6\Editor\VisualScripting.Core\Dependencies\DotNetZip\Unity.VisualScripting.IonicZip.dll
Native extension for WindowsStandalone target not found
Refreshing native plugins compatible for Editor in 1.05 ms, found 3 plugins.
Preloading 0 native plugins for Editor in 0.00 ms.
Mono: successfully reloaded assembly
- Completed reload, in  2.039 seconds
Domain Reload Profiling:
	ReloadAssembly (2040ms)
		BeginReloadAssembly (208ms)
			ExecutionOrderSort (0ms)
			DisableScriptedObjects (11ms)
			BackupInstance (0ms)
			ReleaseScriptingObjects (0ms)
			CreateAndSetChildDomain (57ms)
		EndReloadAssembly (1695ms)
			LoadAssemblies (137ms)
			RebuildTransferFunctionScriptingTraits (0ms)
			SetupTypeCache (385ms)
			ReleaseScriptCaches (3ms)
			RebuildScriptCaches (98ms)
			SetupLoadedEditorAssemblies (876ms)
				LogAssemblyErrors (0ms)
				InitializePlatformSupportModulesInManaged (17ms)
				SetLoadedEditorAssemblies (1ms)
				RefreshPlugins (1ms)
				BeforeProcessingInitializeOnLoad (130ms)
				ProcessInitializeOnLoadAttributes (653ms)
				ProcessInitializeOnLoadMethodAttributes (62ms)
				AfterProcessingInitializeOnLoad (12ms)
				EditorAssembliesLoaded (0ms)
			ExecutionOrderSort2 (0ms)
			AwakeInstancesAfterBackupRestoration (37ms)
Platform modules already initialized, skipping
Refreshing native plugins compatible for Editor in 1.36 ms, found 3 plugins.
Preloading 0 native plugins for Editor in 0.00 ms.
Unloading 5665 Unused Serialized files (Serialized files now loaded: 0)
Unloading 54 unused Assets / (3.5 MB). Loaded Objects now: 6993.
Memory consumption went from 277.0 MB to 273.6 MB.
Total: 5.312500 ms (FindLiveObjects: 0.601900 ms CreateObjectMapping: 0.490800 ms MarkObjects: 3.548500 ms  DeleteObjects: 0.669700 ms)

AssetImportParameters requested are different than current active one (requested -> active):
  custom:video-decoder-ogg-theora: a1e56fd34408186e4bbccfd4996cb3dc -> 
  custom:container-muxer-webm: aa71ff27fc2769a1b78a27578f13a17b -> 
  custom:container-demuxer-webm: 4f35f7cbe854078d1ac9338744f61a02 -> 
  custom:video-encoder-webm-vp8: eb34c28f22e8b96e1ab97ce403110664 -> 
  custom:video-codec-MediaFoundation-h265: 746d11721c4dcdbdad8f713fa42b33f4 -> 
  custom:audio-encoder-webm-vorbis: bf7c407c2cedff20999df2af8eb42d56 -> 
  custom:framework-win-MediaFoundation: 216162199b28c13a410421893ffa2e32 -> 
  custom:container-demuxer-ogg: 62fdf1f143b41e24485cea50d1cbac27 -> 
  custom:video-decoder-webm-vp8: 9c59270c3fd7afecdb556c50c9e8de78 -> 
  custom:audio-decoder-ogg-vorbis: bf7c407c2cedff20999df2af8eb42d56 -> 
========================================================================
Received Import Request.
  Time since last request: 871.839321 seconds.
  path: Assets/IslandGeneration/Shaders/Island.shadergraph
  artifactKey: Guid(f7502d34bfc2d95489d718b4bff49f7c) Importer(815301076,1909f56bfc062723c751e8b465ee728b)
Start importing Assets/IslandGeneration/Shaders/Island.shadergraph using Guid(f7502d34bfc2d95489d718b4bff49f7c) Importer(815301076,1909f56bfc062723c751e8b465ee728b)  -> (artifact id: '9d0359b13b97029d950b79dc80cf8550') in 0.060115 seconds 
========================================================================
Received Prepare
Registering precompiled user dll's ...
Registered in 0.011205 seconds.
Begin MonoManager ReloadAssembly
Symbol file LoadedFromMemory doesn't match image C:\Users\Elliot Winch\Documents\2020\Xanthi\Library\PackageCache\com.unity.visualscripting@1.7.6\Editor\VisualScripting.Core\Dependencies\YamlDotNet\Unity.VisualScripting.YamlDotNet.dll
Symbol file LoadedFromMemory doesn't match image C:\Users\Elliot Winch\Documents\2020\Xanthi\Library\PackageCache\com.unity.visualscripting@1.7.6\Editor\VisualScripting.Core\Dependencies\DotNetZip\Unity.VisualScripting.IonicZip.dll
Native extension for WindowsStandalone target not found
Refreshing native plugins compatible for Editor in 1.04 ms, found 3 plugins.
Preloading 0 native plugins for Editor in 0.00 ms.
Mono: successfully reloaded assembly
- Completed reload, in  2.051 seconds
Domain Reload Profiling:
	ReloadAssembly (2052ms)
		BeginReloadAssembly (223ms)
			ExecutionOrderSort (0ms)
			DisableScriptedObjects (12ms)
			BackupInstance (0ms)
			ReleaseScriptingObjects (0ms)
			CreateAndSetChildDomain (60ms)
		EndReloadAssembly (1694ms)
			LoadAssemblies (145ms)
			RebuildTransferFunctionScriptingTraits (0ms)
			SetupTypeCache (403ms)
			ReleaseScriptCaches (3ms)
			RebuildScriptCaches (100ms)
			SetupLoadedEditorAssemblies (868ms)
				LogAssemblyErrors (0ms)
				InitializePlatformSupportModulesInManaged (17ms)
				SetLoadedEditorAssemblies (1ms)
				RefreshPlugins (1ms)
				BeforeProcessingInitializeOnLoad (132ms)
				ProcessInitializeOnLoadAttributes (667ms)
				ProcessInitializeOnLoadMethodAttributes (39ms)
				AfterProcessingInitializeOnLoad (12ms)
				EditorAssembliesLoaded (0ms)
			ExecutionOrderSort2 (0ms)
			AwakeInstancesAfterBackupRestoration (34ms)
Platform modules already initialized, skipping
Refreshing native plugins compatible for Editor in 1.52 ms, found 3 plugins.
Preloading 0 native plugins for Editor in 0.00 ms.
Unloading 5665 Unused Serialized files (Serialized files now loaded: 0)
Unloading 54 unused Assets / (3.5 MB). Loaded Objects now: 6995.
Memory consumption went from 277.0 MB to 273.6 MB.
Total: 5.489700 ms (FindLiveObjects: 0.734600 ms CreateObjectMapping: 0.514400 ms MarkObjects: 3.698000 ms  DeleteObjects: 0.541500 ms)

AssetImportParameters requested are different than current active one (requested -> active):
  custom:video-decoder-ogg-theora: a1e56fd34408186e4bbccfd4996cb3dc -> 
  custom:container-muxer-webm: aa71ff27fc2769a1b78a27578f13a17b -> 
  custom:container-demuxer-webm: 4f35f7cbe854078d1ac9338744f61a02 -> 
  custom:video-encoder-webm-vp8: eb34c28f22e8b96e1ab97ce403110664 -> 
  custom:video-codec-MediaFoundation-h265: 746d11721c4dcdbdad8f713fa42b33f4 -> 
  custom:audio-encoder-webm-vorbis: bf7c407c2cedff20999df2af8eb42d56 -> 
  custom:framework-win-MediaFoundation: 216162199b28c13a410421893ffa2e32 -> 
  custom:container-demuxer-ogg: 62fdf1f143b41e24485cea50d1cbac27 -> 
  custom:video-decoder-webm-vp8: 9c59270c3fd7afecdb556c50c9e8de78 -> 
  custom:audio-decoder-ogg-vorbis: bf7c407c2cedff20999df2af8eb42d56 -> 
========================================================================
Received Import Request.
  Time since last request: 675.447039 seconds.
  path: Assets/IslandGeneration/Scripts/Compute/Includes/AddNoise.compute
  artifactKey: Guid(4609ec67e8b833a4e9bb2e9c80be7acb) Importer(815301076,1909f56bfc062723c751e8b465ee728b)
Start importing Assets/IslandGeneration/Scripts/Compute/Includes/AddNoise.compute using Guid(4609ec67e8b833a4e9bb2e9c80be7acb) Importer(815301076,1909f56bfc062723c751e8b465ee728b)  -> (artifact id: '5627e84ae28f8a5d9c9d9af9c5a966a7') in 0.043763 seconds 
========================================================================
Received Import Request.
  Time since last request: 328.878856 seconds.
  path: Assets/IslandGeneration/Scripts/Compute/Includes/AddNoise.compute
  artifactKey: Guid(4609ec67e8b833a4e9bb2e9c80be7acb) Importer(815301076,1909f56bfc062723c751e8b465ee728b)
Start importing Assets/IslandGeneration/Scripts/Compute/Includes/AddNoise.compute using Guid(4609ec67e8b833a4e9bb2e9c80be7acb) Importer(815301076,1909f56bfc062723c751e8b465ee728b)  -> (artifact id: 'e1b38ae1f2722a65e32e8c4348115e8a') in 0.008244 seconds 
========================================================================
Received Import Request.
  Time since last request: 9.889722 seconds.
  path: Assets/Util/Noisy-Nodes-master/NoiseShader/HLSL/BCCNoise4.hlsl
  artifactKey: Guid(dcc7068597d092d47aeb35345c7bddb1) Importer(815301076,1909f56bfc062723c751e8b465ee728b)
Start importing Assets/Util/Noisy-Nodes-master/NoiseShader/HLSL/BCCNoise4.hlsl using Guid(dcc7068597d092d47aeb35345c7bddb1) Importer(815301076,1909f56bfc062723c751e8b465ee728b)  -> (artifact id: '0fb70c670c614a39de00ea36e8791573') in 0.085066 seconds 
========================================================================
Received Import Request.
  Time since last request: 0.000047 seconds.
  path: Assets/Util/Noisy-Nodes-master/NoiseShader/HLSL/ClassicNoise2D.hlsl
  artifactKey: Guid(27be27981479af945a6967f1b23574f8) Importer(815301076,1909f56bfc062723c751e8b465ee728b)
Start importing Assets/Util/Noisy-Nodes-master/NoiseShader/HLSL/ClassicNoise2D.hlsl using Guid(27be27981479af945a6967f1b23574f8) Importer(815301076,1909f56bfc062723c751e8b465ee728b)  -> (artifact id: '6a20781632803680dd0264314e353ba5') in 0.018039 seconds 
========================================================================
Received Import Request.
  Time since last request: 0.000032 seconds.
  path: Assets/Util/Noisy-Nodes-master/NoiseShader/HLSL/SimplexNoise3D.hlsl
  artifactKey: Guid(fd0149dd7b4e9a34a83b6ed4ad8b71b9) Importer(815301076,1909f56bfc062723c751e8b465ee728b)
Start importing Assets/Util/Noisy-Nodes-master/NoiseShader/HLSL/SimplexNoise3D.hlsl using Guid(fd0149dd7b4e9a34a83b6ed4ad8b71b9) Importer(815301076,1909f56bfc062723c751e8b465ee728b)  -> (artifact id: '9636f5d820d93949142f38daefd440c5') in 0.016530 seconds 
========================================================================
Received Import Request.
  Time since last request: 0.000038 seconds.
  path: Assets/Util/Noisy-Nodes-master/NoiseShader/HLSL/WhiteNoise2D.hlsl
  artifactKey: Guid(4e8a1c60bb201c444a2deae2da272dee) Importer(815301076,1909f56bfc062723c751e8b465ee728b)
Start importing Assets/Util/Noisy-Nodes-master/NoiseShader/HLSL/WhiteNoise2D.hlsl using Guid(4e8a1c60bb201c444a2deae2da272dee) Importer(815301076,1909f56bfc062723c751e8b465ee728b)  -> (artifact id: 'c61c686229c47a78daf69b902cbdcfdd') in 0.010379 seconds 
========================================================================
Received Import Request.
  Time since last request: 0.000027 seconds.
  path: Assets/Util/Noisy-Nodes-master/NoiseShader/HLSL/BCCNoise8.hlsl
  artifactKey: Guid(2515ca635f327c84789f8d4dd47a25a0) Importer(815301076,1909f56bfc062723c751e8b465ee728b)
Start importing Assets/Util/Noisy-Nodes-master/NoiseShader/HLSL/BCCNoise8.hlsl using Guid(2515ca635f327c84789f8d4dd47a25a0) Importer(815301076,1909f56bfc062723c751e8b465ee728b)  -> (artifact id: '02374f6038c6e6fdf9543da4d18d08d4') in 0.013600 seconds 
========================================================================
Received Import Request.
  Time since last request: 0.000035 seconds.
  path: Assets/Util/Noisy-Nodes-master/NoiseShader/HLSL/Voronoi4D.hlsl
  artifactKey: Guid(7a9e5634e8bbad242b3129d05ae732e2) Importer(815301076,1909f56bfc062723c751e8b465ee728b)
Start importing Assets/Util/Noisy-Nodes-master/NoiseShader/HLSL/Voronoi4D.hlsl using Guid(7a9e5634e8bbad242b3129d05ae732e2) Importer(815301076,1909f56bfc062723c751e8b465ee728b)  -> (artifact id: '07badb8d53a0c099db4b07a587001568') in 0.018325 seconds 
========================================================================
Received Import Request.
  Time since last request: 0.000031 seconds.
  path: Assets/Util/Noisy-Nodes-master/NoiseShader/HLSL/NoiseUtils.hlsl
  artifactKey: Guid(42163234b2afc194bad4d12ed5128fc6) Importer(815301076,1909f56bfc062723c751e8b465ee728b)
Start importing Assets/Util/Noisy-Nodes-master/NoiseShader/HLSL/NoiseUtils.hlsl using Guid(42163234b2afc194bad4d12ed5128fc6) Importer(815301076,1909f56bfc062723c751e8b465ee728b)  -> (artifact id: 'df78f1a049a77c1e98a5562c04f3847c') in 0.030031 seconds 
========================================================================
Received Import Request.
  Time since last request: 0.000024 seconds.
  path: Assets/Util/Noisy-Nodes-master/NoiseShader/HLSL/SimplexNoise2D.hlsl
  artifactKey: Guid(90fba706849d5ab468bf70a3aa82d53d) Importer(815301076,1909f56bfc062723c751e8b465ee728b)
Start importing Assets/Util/Noisy-Nodes-master/NoiseShader/HLSL/SimplexNoise2D.hlsl using Guid(90fba706849d5ab468bf70a3aa82d53d) Importer(815301076,1909f56bfc062723c751e8b465ee728b)  -> (artifact id: '075c75ba4e2202db5933d1a88867117a') in 0.025802 seconds 
========================================================================
Received Import Request.
  Time since last request: 0.000037 seconds.
  path: Assets/Util/Noisy-Nodes-master/NoiseShader/HLSL/Voronoi3D.hlsl
  artifactKey: Guid(7fa2284ce7a839c44ac36e03ab0db899) Importer(815301076,1909f56bfc062723c751e8b465ee728b)
Start importing Assets/Util/Noisy-Nodes-master/NoiseShader/HLSL/Voronoi3D.hlsl using Guid(7fa2284ce7a839c44ac36e03ab0db899) Importer(815301076,1909f56bfc062723c751e8b465ee728b)  -> (artifact id: 'f0288f4792c5b0829c4cffe3c04bc383') in 0.018602 seconds 
========================================================================
Received Import Request.
  Time since last request: 0.000094 seconds.
  path: Assets/Util/Noisy-Nodes-master/NoiseShader/HLSL/Voronoi2D.hlsl
  artifactKey: Guid(ca3c463c15e25d044a90fb7af349bfec) Importer(815301076,1909f56bfc062723c751e8b465ee728b)
Start importing Assets/Util/Noisy-Nodes-master/NoiseShader/HLSL/Voronoi2D.hlsl using Guid(ca3c463c15e25d044a90fb7af349bfec) Importer(815301076,1909f56bfc062723c751e8b465ee728b)  -> (artifact id: '0851ee18af765886b3a2b35061f16979') in 0.017586 seconds 
========================================================================
Received Import Request.
  Time since last request: 0.000042 seconds.
  path: Assets/Util/Noisy-Nodes-master/NoiseShader/HLSL/WhiteNoise3D.hlsl
  artifactKey: Guid(3c13c507b40580d478357289f27d039f) Importer(815301076,1909f56bfc062723c751e8b465ee728b)
Start importing Assets/Util/Noisy-Nodes-master/NoiseShader/HLSL/WhiteNoise3D.hlsl using Guid(3c13c507b40580d478357289f27d039f) Importer(815301076,1909f56bfc062723c751e8b465ee728b)  -> (artifact id: 'fda003decddb65a04eebdc320bc27dfd') in 0.074881 seconds 
========================================================================
Received Import Request.
  Time since last request: 0.000027 seconds.
  path: Assets/Util/Noisy-Nodes-master/NoiseShader/HLSL/ClassicNoise3D.hlsl
  artifactKey: Guid(ecc0749a90a1b1c4cb335134906003ce) Importer(815301076,1909f56bfc062723c751e8b465ee728b)
Start importing Assets/Util/Noisy-Nodes-master/NoiseShader/HLSL/ClassicNoise3D.hlsl using Guid(ecc0749a90a1b1c4cb335134906003ce) Importer(815301076,1909f56bfc062723c751e8b465ee728b)  -> (artifact id: 'bed43402433e2bf7497bfdacc8eda075') in 0.010968 seconds 
========================================================================
Received Import Request.
  Time since last request: 63.567559 seconds.
  path: Assets/IslandGeneration/Scripts/Compute/Includes/AddNoise.compute
  artifactKey: Guid(4609ec67e8b833a4e9bb2e9c80be7acb) Importer(815301076,1909f56bfc062723c751e8b465ee728b)
Start importing Assets/IslandGeneration/Scripts/Compute/Includes/AddNoise.compute using Guid(4609ec67e8b833a4e9bb2e9c80be7acb) Importer(815301076,1909f56bfc062723c751e8b465ee728b)  -> (artifact id: 'fddf34c0ca49fec2921bc1e9ab3e3852') in 0.004866 seconds 
========================================================================
Received Import Request.
  Time since last request: 130.855613 seconds.
  path: Assets/IslandGeneration/Scripts/Compute/Includes/AddNoise.compute
  artifactKey: Guid(4609ec67e8b833a4e9bb2e9c80be7acb) Importer(815301076,1909f56bfc062723c751e8b465ee728b)
Start importing Assets/IslandGeneration/Scripts/Compute/Includes/AddNoise.compute using Guid(4609ec67e8b833a4e9bb2e9c80be7acb) Importer(815301076,1909f56bfc062723c751e8b465ee728b)  -> (artifact id: 'd9555d29a0d4ae80e0c33f6ac76f0919') in 0.004716 seconds 
========================================================================
Received Import Request.
  Time since last request: 66.804361 seconds.
  path: Assets/IslandGeneration/Scripts/Compute/IslandBase.compute
  artifactKey: Guid(833617eca495eeb4fa07827ebec2e6b9) Importer(815301076,1909f56bfc062723c751e8b465ee728b)
Start importing Assets/IslandGeneration/Scripts/Compute/IslandBase.compute using Guid(833617eca495eeb4fa07827ebec2e6b9) Importer(815301076,1909f56bfc062723c751e8b465ee728b)  -> (artifact id: '8c24f1c365b15983778e0b515bdef079') in 0.016694 seconds 
========================================================================
Received Import Request.
  Time since last request: 183.920378 seconds.
  path: Assets/IslandGeneration/Scripts/Compute/AddNoiseNode.hlsl
  artifactKey: Guid(584de64850b785146995fd70ab9b2f79) Importer(815301076,1909f56bfc062723c751e8b465ee728b)
Start importing Assets/IslandGeneration/Scripts/Compute/AddNoiseNode.hlsl using Guid(584de64850b785146995fd70ab9b2f79) Importer(815301076,1909f56bfc062723c751e8b465ee728b)  -> (artifact id: '838fd627352a195e3708cfef0526ef7d') in 0.031731 seconds 
========================================================================
Received Import Request.
  Time since last request: 104.874535 seconds.
  path: Assets/IslandGeneration/Scripts/Compute/IslandBase.compute
  artifactKey: Guid(833617eca495eeb4fa07827ebec2e6b9) Importer(815301076,1909f56bfc062723c751e8b465ee728b)
Start importing Assets/IslandGeneration/Scripts/Compute/IslandBase.compute using Guid(833617eca495eeb4fa07827ebec2e6b9) Importer(815301076,1909f56bfc062723c751e8b465ee728b)  -> (artifact id: '5cd2f832750e67fa7fe582d2cbdc19a6') in 0.466385 seconds 
========================================================================
Received Import Request.
  Time since last request: 21.304332 seconds.
  path: Assets/IslandGeneration/Materials/Base.mat
  artifactKey: Guid(9bb3b1c3c27d56e4aa547f0e4bb558cc) Importer(815301076,1909f56bfc062723c751e8b465ee728b)
Start importing Assets/IslandGeneration/Materials/Base.mat using Guid(9bb3b1c3c27d56e4aa547f0e4bb558cc) Importer(815301076,1909f56bfc062723c751e8b465ee728b)  -> (artifact id: '261689dfe37387bc9465f941ae3b62bb') in 3.396004 seconds 
========================================================================
Received Import Request.
  Time since last request: 0.000055 seconds.
  path: Assets/IslandGeneration/Materials/Top.mat
  artifactKey: Guid(0f2a104aeb9f2c440a0c38e8efe58d4f) Importer(815301076,1909f56bfc062723c751e8b465ee728b)
Start importing Assets/IslandGeneration/Materials/Top.mat using Guid(0f2a104aeb9f2c440a0c38e8efe58d4f) Importer(815301076,1909f56bfc062723c751e8b465ee728b)  -> (artifact id: '551a4ed6366cd4ba480ff00822e749c9') in 0.082663 seconds 
========================================================================
Received Import Request.
  Time since last request: 50.989922 seconds.
  path: Assets/IslandGeneration/Scripts/Compute/Includes/AddNoise.compute
  artifactKey: Guid(4609ec67e8b833a4e9bb2e9c80be7acb) Importer(815301076,1909f56bfc062723c751e8b465ee728b)
Start importing Assets/IslandGeneration/Scripts/Compute/Includes/AddNoise.compute using Guid(4609ec67e8b833a4e9bb2e9c80be7acb) Importer(815301076,1909f56bfc062723c751e8b465ee728b)  -> (artifact id: 'b4178c8777b978cb9e99eade94cd592c') in 0.005675 seconds 
========================================================================
Received Import Request.
  Time since last request: 576.718674 seconds.
  path: Assets/Util/Noisy-Nodes-master/demo.jpg
  artifactKey: Guid(b1f0359bcbbbd1e499d83973e0e2626b) Importer(815301076,1909f56bfc062723c751e8b465ee728b)
Start importing Assets/Util/Noisy-Nodes-master/demo.jpg using Guid(b1f0359bcbbbd1e499d83973e0e2626b) Importer(815301076,1909f56bfc062723c751e8b465ee728b)  -> (artifact id: '864dae48d8a88c2bc345eb240e781fa3') in 0.100226 seconds 
========================================================================
Received Import Request.
  Time since last request: 0.000070 seconds.
  path: Assets/Util/Noisy-Nodes-master/NoisyNodes.asmdef
  artifactKey: Guid(c036bb7b086571946b8529c8ade7f7fb) Importer(815301076,1909f56bfc062723c751e8b465ee728b)
Start importing Assets/Util/Noisy-Nodes-master/NoisyNodes.asmdef using Guid(c036bb7b086571946b8529c8ade7f7fb) Importer(815301076,1909f56bfc062723c751e8b465ee728b)  -> (artifact id: 'bfb8f0193560c28a7a4965f869223740') in 0.015118 seconds 
========================================================================
Received Import Request.
  Time since last request: 231.280906 seconds.
  path: Assets/IslandGeneration/Materials/Base.mat
  artifactKey: Guid(9bb3b1c3c27d56e4aa547f0e4bb558cc) Importer(815301076,1909f56bfc062723c751e8b465ee728b)
Start importing Assets/IslandGeneration/Materials/Base.mat using Guid(9bb3b1c3c27d56e4aa547f0e4bb558cc) Importer(815301076,1909f56bfc062723c751e8b465ee728b)  -> (artifact id: '48960976cf88f83ca1aae2cfa5fd40e1') in 0.044877 seconds 
========================================================================
Received Import Request.
  Time since last request: 0.000109 seconds.
  path: Assets/IslandGeneration/Materials/Top.mat
  artifactKey: Guid(0f2a104aeb9f2c440a0c38e8efe58d4f) Importer(815301076,1909f56bfc062723c751e8b465ee728b)
Start importing Assets/IslandGeneration/Materials/Top.mat using Guid(0f2a104aeb9f2c440a0c38e8efe58d4f) Importer(815301076,1909f56bfc062723c751e8b465ee728b)  -> (artifact id: '4c91abde473b364e1419787243a38afc') in 0.051329 seconds 
